1633155448632	geckodriver	INFO	Listening on 127.0.0.1:20775
1633155449631	mozrunner::runner	INFO	Running command: "C:\\Program Files\\Mozilla Firefox\\firefox.exe" "--marionette" "-foreground" "-no-remote" "-profile" "C:\\Users\\ADMINI~1\\AppData\\Local\\Temp\\rust_mozprofile7on2BR"
1633155449851	Marionette	INFO	Marionette enabled
console.warn: SearchSettings: "get: No settings file exists, new profile?" (new NotFoundError("Could not open the file at C:\\Users\\Administrador\\AppData\\Local\\Temp\\rust_mozprofile7on2BR\\search.json.mozlz4", (void 0)))
1633155451171	Marionette	INFO	Listening on port 20781
1633155451679	RemoteAgent	WARN	TLS certificate errors will be ignored for this session
JavaScript error: https://player.theplatform.com/pdk/dCK2IC/tpPdkController.js?pdk=5.7.5&logLevel=debug, line 227: TypeError: this.iframe.contentWindow is undefined
JavaScript error: https://editorial.rottentomatoes.com/wp-content/themes/RottenTomatoes/js/rtmain.js, line 336: TypeError: document.getElementById(...) is null
JavaScript error: https://editorial.rottentomatoes.com/guide/popular-movies/ line 242 > injectedScript, line 1: TypeError: a is null
JavaScript warning: https://editorial.rottentomatoes.com/RGz4jrYdqg6IvpefWlrJxWpjB18/r9aShGwLSE/C0QIeWs8Bw/Yj0/WDWELaioB, line 1: WEBGL_debug_renderer_info is deprecated in Firefox and will be removed. Please use RENDERER.
1633155458185	Marionette	INFO	Stopped listening on port 20781
JavaScript error: https://cdnjs.cloudflare.com/ajax/libs/require.js/2.1.14/require.js, line 166: Error: Script error for: jwplayer
http://requirejs.org/docs/errors.html#scripterror
JavaScript error: https://cdnjs.cloudflare.com/ajax/libs/require.js/2.1.14/require.js, line 166: Error: Script error for: facebook
http://requirejs.org/docs/errors.html#scripterror
JavaScript error: resource:///modules/Interactions.jsm, line 230: NS_ERROR_FAILURE: Component returned failure code: 0x80004005 (NS_ERROR_FAILURE) [nsIUserIdleService.removeIdleObserver]
JavaScript error: chrome://remote/content/marionette/cert.js, line 55: NS_ERROR_NOT_AVAILABLE: Component returned failure code: 0x80040111 (NS_ERROR_NOT_AVAILABLE) [nsICertOverrideService.setDisableAllSecurityChecksAndLetAttackersInterceptMyData]

###!!! [Parent][RunMessage] Error: Channel closing: too late to send/recv, messages will be lost

1633168305462	geckodriver	INFO	Listening on 127.0.0.1:53761
1633168306470	mozrunner::runner	INFO	Running command: "/usr/bin/firefox" "--marionette" "-foreground" "-no-remote" "-profile" "/tmp/rust_mozprofileBbPMCS"
1633168307726	Marionette	INFO	Marionette enabled
console.warn: SearchSettings: "get: No settings file exists, new profile?" (new NotFoundError("Could not open the file at /tmp/rust_mozprofileBbPMCS/search.json.mozlz4", (void 0)))
1633168309211	Marionette	INFO	Listening on port 44051
1633168309301	RemoteAgent	WARN	TLS certificate errors will be ignored for this session
1633168569215	Marionette	INFO	Stopped listening on port 44051
JavaScript error: resource:///modules/Interactions.jsm, line 230: NS_ERROR_FAILURE: Component returned failure code: 0x80004005 (NS_ERROR_FAILURE) [nsIUserIdleService.removeIdleObserver]
1633168680941	geckodriver	INFO	Listening on 127.0.0.1:50011
1633168680947	mozrunner::runner	INFO	Running command: "/usr/bin/firefox" "--marionette" "-foreground" "-no-remote" "-profile" "/tmp/rust_mozprofileSVWrFo"
1633168681993	Marionette	INFO	Marionette enabled
console.warn: SearchSettings: "get: No settings file exists, new profile?" (new NotFoundError("Could not open the file at /tmp/rust_mozprofileSVWrFo/search.json.mozlz4", (void 0)))
1633168683465	Marionette	INFO	Listening on port 38127
1633168683582	RemoteAgent	WARN	TLS certificate errors will be ignored for this session
1633168921843	Marionette	INFO	Stopped listening on port 38127
JavaScript error: resource:///modules/Interactions.jsm, line 230: NS_ERROR_FAILURE: Component returned failure code: 0x80004005 (NS_ERROR_FAILURE) [nsIUserIdleService.removeIdleObserver]

###!!! [Child][RunMessage] Error: Channel closing: too late to send/recv, messages will be lost


###!!! [Parent][RunMessage] Error: Channel closing: too late to send/recv, messages will be lost

1633169103459	geckodriver	INFO	Listening on 127.0.0.1:48031
1633169103468	mozrunner::runner	INFO	Running command: "/usr/bin/firefox" "--marionette" "-foreground" "-no-remote" "-profile" "/tmp/rust_mozprofileaaRVeF"
1633169104541	Marionette	INFO	Marionette enabled
console.warn: SearchSettings: "get: No settings file exists, new profile?" (new NotFoundError("Could not open the file at /tmp/rust_mozprofileaaRVeF/search.json.mozlz4", (void 0)))
1633169106056	Marionette	INFO	Listening on port 41043
1633169106120	RemoteAgent	WARN	TLS certificate errors will be ignored for this session
JavaScript error: , line 0: uncaught exception: Timed out in 15000 ms
JavaScript error: , line 0: uncaught exception: EnrichItemMetadata failed to respond with enrichment for title ID amzn1.dv.gti.aaba08cf-506c-9994-3ea2-e0d0cf4b9be6 with placement type HOVER
JavaScript error: , line 0: uncaught exception: EnrichItemMetadata failed to respond with enrichment for title ID amzn1.dv.gti.d8b655d3-6b07-e68d-14a3-38815682b765 with placement type HOVER
JavaScript error: , line 0: uncaught exception: EnrichItemMetadata failed to respond with enrichment for title ID amzn1.dv.gti.6eb5f3a8-38a1-9dfb-585b-8b77880484ce with placement type HOVER
JavaScript error: , line 0: uncaught exception: EnrichItemMetadata failed to respond with enrichment for title ID amzn1.dv.gti.acb50100-3263-4e00-bf97-a078b2394a9b with placement type HOVER
JavaScript error: , line 0: uncaught exception: EnrichItemMetadata failed to respond with enrichment for title ID amzn1.dv.gti.10b86670-e6ae-e899-e0d7-45c43d0d25b8 with placement type HOVER
JavaScript error: , line 0: uncaught exception: EnrichItemMetadata failed to respond with enrichment for title ID amzn1.dv.gti.76b241db-6732-eb21-f166-f4e20ba93453 with placement type HOVER
JavaScript error: , line 0: uncaught exception: EnrichItemMetadata failed to respond with enrichment for title ID amzn1.dv.gti.eab035f7-a158-1aff-6397-912981088d73 with placement type HOVER
JavaScript error: , line 0: uncaught exception: EnrichItemMetadata failed to respond with enrichment for title ID amzn1.dv.gti.94b8a183-20f6-026c-b305-63c174092dc3 with placement type HOVER
JavaScript error: , line 0: uncaught exception: EnrichItemMetadata failed to respond with enrichment for title ID amzn1.dv.gti.35434541-73dc-4f9f-a096-c60a17eb028a with placement type HOVER
JavaScript error: , line 0: uncaught exception: EnrichItemMetadata failed to respond with enrichment for title ID amzn1.dv.gti.08b77713-03f8-a1ac-489b-adf652d0b190 with placement type HOVER
JavaScript error: , line 0: NetworkError: AutoCancel
1633169420306	Marionette	INFO	Stopped listening on port 41043
JavaScript error: resource:///modules/Interactions.jsm, line 230: NS_ERROR_FAILURE: Component returned failure code: 0x80004005 (NS_ERROR_FAILURE) [nsIUserIdleService.removeIdleObserver]
